{
  "RSpec": {
    "coverage": {
      "/Users/ambodumbo/Documents/Projects/on-the-grind/spec/controllers/jobs_controller_spec.rb": [
        1,
        null,
        1,
        1,
        1,
        1,
        1,
        null,
        null,
        null,
        1,
        1,
        1,
        0,
        null,
        1,
        1,
        0,
        null,
        null,
        null,
        1,
        1,
        1,
        1,
        0,
        1,
        null,
        null,
        1,
        1,
        1,
        0,
        1,
        null,
        null,
        null,
        1,
        1,
        1,
        1,
        0,
        null,
        null,
        null,
        1,
        1,
        1,
        1,
        0,
        null,
        null,
        null,
        1,
        1,
        1,
        1,
        0,
        null,
        null,
        1,
        1,
        1,
        0,
        null,
        null,
        null,
        1,
        1,
        1,
        1,
        0,
        null,
        null,
        1,
        1,
        1,
        0,
        null,
        null,
        1,
        1,
        1,
        0,
        null,
        null,
        null,
        null
      ],
      "/Users/ambodumbo/Documents/Projects/on-the-grind/spec/rails_helper.rb": [
        null,
        1,
        1,
        1,
        1,
        1,
        1,
        null,
        null,
        null,
        null,
        null,
        null,
        null,
        null,
        null,
        null,
        null,
        null,
        null,
        null,
        null,
        null,
        null,
        null,
        null,
        1,
        null,
        1,
        null,
        1,
        1,
        null,
        null,
        null,
        null,
        1,
        null,
        null,
        null,
        null,
        null,
        null,
        null,
        null,
        null,
        null,
        null,
        null,
        null,
        null,
        1,
        null
      ],
      "/Users/ambodumbo/Documents/Projects/on-the-grind/config/environment.rb": [
        null,
        1,
        null,
        null,
        1
      ],
      "/Users/ambodumbo/Documents/Projects/on-the-grind/config/application.rb": [
        1,
        null,
        null,
        1,
        1,
        1,
        1,
        1,
        1,
        null,
        null,
        null,
        null,
        1,
        null,
        1,
        1,
        null,
        null,
        null,
        null,
        null,
        null,
        null,
        null,
        null,
        null,
        null,
        null,
        null
      ],
      "/Users/ambodumbo/Documents/Projects/on-the-grind/config/boot.rb": [
        null,
        1,
        null,
        1
      ],
      "/Users/ambodumbo/Documents/Projects/on-the-grind/config/environments/test.rb": [
        1,
        null,
        null,
        null,
        null,
        null,
        null,
        1,
        null,
        null,
        null,
        null,
        1,
        null,
        null,
        1,
        1,
        null,
        null,
        1,
        1,
        null,
        null,
        1,
        null,
        null,
        1,
        null,
        null,
        null,
        null,
        1,
        null,
        null,
        1,
        null,
        null,
        null,
        null
      ],
      "/Users/ambodumbo/Documents/Projects/on-the-grind/config/initializers/assets.rb": [
        null,
        null,
        null,
        1,
        null,
        null,
        null,
        null
      ],
      "/Users/ambodumbo/Documents/Projects/on-the-grind/config/initializers/backtrace_silencers.rb": [
        null,
        null,
        null,
        null,
        null,
        null,
        null
      ],
      "/Users/ambodumbo/Documents/Projects/on-the-grind/config/initializers/cookies_serializer.rb": [
        null,
        null,
        1
      ],
      "/Users/ambodumbo/Documents/Projects/on-the-grind/config/initializers/filter_parameter_logging.rb": [
        null,
        null,
        null,
        1
      ],
      "/Users/ambodumbo/Documents/Projects/on-the-grind/config/initializers/inflections.rb": [
        null,
        null,
        null,
        null,
        null,
        null,
        null,
        null,
        null,
        null,
        null,
        null,
        null,
        null,
        null,
        null
      ],
      "/Users/ambodumbo/Documents/Projects/on-the-grind/config/initializers/mime_types.rb": [
        null,
        null,
        null,
        null
      ],
      "/Users/ambodumbo/Documents/Projects/on-the-grind/config/initializers/session_store.rb": [
        null,
        null,
        1
      ],
      "/Users/ambodumbo/Documents/Projects/on-the-grind/config/initializers/wrap_parameters.rb": [
        null,
        null,
        null,
        null,
        null,
        null,
        1,
        1,
        null,
        null,
        null,
        null,
        null,
        null
      ],
      "/Users/ambodumbo/Documents/Projects/on-the-grind/spec/factories/jobs.rb": [
        1,
        1,
        1,
        1,
        1,
        1,
        1,
        1,
        1,
        1,
        1,
        null,
        null
      ],
      "/Users/ambodumbo/Documents/Projects/on-the-grind/config/routes.rb": [
        1,
        null,
        null,
        null,
        null,
        1,
        null,
        null,
        null,
        null,
        null,
        null,
        null,
        null,
        null,
        null,
        1,
        null,
        null,
        null,
        null,
        null,
        null,
        null,
        null,
        null,
        null,
        null,
        null,
        null,
        null,
        null,
        null,
        null,
        null,
        null,
        null,
        null,
        null,
        null,
        null,
        null,
        null,
        null,
        null,
        null,
        null,
        null,
        null,
        null,
        null,
        null,
        null,
        null,
        null,
        null,
        null,
        null
      ],
      "/Users/ambodumbo/Documents/Projects/on-the-grind/app/helpers/application_helper.rb": [
        1,
        null
      ],
      "/Users/ambodumbo/Documents/Projects/on-the-grind/app/helpers/jobs_helper.rb": [
        1,
        null
      ],
      "/Users/ambodumbo/Documents/Projects/on-the-grind/app/controllers/jobs_controller.rb": [
        1,
        1,
        1,
        1,
        null,
        null
      ],
      "/Users/ambodumbo/Documents/Projects/on-the-grind/app/controllers/application_controller.rb": [
        1,
        null,
        null,
        1,
        null
      ],
      "/Users/ambodumbo/Documents/Projects/on-the-grind/spec/helpers/jobs_helper_spec.rb": [
        1,
        null,
        null,
        null,
        null,
        null,
        null,
        null,
        null,
        null,
        null,
        null,
        1,
        1,
        null
      ],
      "/Users/ambodumbo/Documents/Projects/on-the-grind/spec/models/job_spec.rb": [
        1,
        null,
        1,
        1,
        null
      ],
      "/Users/ambodumbo/Documents/Projects/on-the-grind/app/models/job.rb": [
        1,
        null
      ]
    },
    "timestamp": 1420514209
  }
}
